<?xml version="1.0" encoding="UTF-8"?>
<coverage generated="1777575656966" clover="3.2.0">
  <project timestamp="1777575656966" name="All files">
    <metrics statements="109" coveredstatements="109" conditionals="19" coveredconditionals="19" methods="13" coveredmethods="13" elements="141" coveredelements="141" complexity="0" loc="109" ncloc="109" packages="6" files="6" classes="6"/>
    <package name="src">
      <metrics statements="32" coveredstatements="32" conditionals="5" coveredconditionals="5" methods="3" coveredmethods="3"/>
      <file name="app.ts" path="C:\Users\Mallikarjun\AMD\Education_On_Election_Process\backend\src\app.ts">
        <metrics statements="32" coveredstatements="32" conditionals="5" coveredconditionals="5" methods="3" coveredmethods="3"/>
        <line num="1" count="2" type="stmt"/>
        <line num="2" count="2" type="stmt"/>
        <line num="3" count="2" type="stmt"/>
        <line num="4" count="2" type="stmt"/>
        <line num="5" count="2" type="stmt"/>
        <line num="6" count="2" type="stmt"/>
        <line num="8" count="2" type="stmt"/>
        <line num="9" count="2" type="stmt"/>
        <line num="11" count="2" type="stmt"/>
        <line num="13" count="2" type="stmt"/>
        <line num="17" count="2" type="stmt"/>
        <line num="19" count="2" type="stmt"/>
        <line num="22" count="2" type="stmt"/>
        <line num="25" count="2" type="stmt"/>
        <line num="33" count="2" type="stmt"/>
        <line num="39" count="2" type="stmt"/>
        <line num="40" count="8" type="stmt"/>
        <line num="41" count="8" type="cond" truecount="3" falsecount="0"/>
        <line num="42" count="1" type="stmt"/>
        <line num="45" count="8" type="stmt"/>
        <line num="51" count="2" type="stmt"/>
        <line num="63" count="2" type="stmt"/>
        <line num="66" count="2" type="stmt"/>
        <line num="67" count="8" type="stmt"/>
        <line num="68" count="8" type="stmt"/>
        <line num="72" count="2" type="stmt"/>
        <line num="78" count="2" type="stmt"/>
        <line num="81" count="2" type="stmt"/>
        <line num="84" count="2" type="stmt"/>
        <line num="85" count="2" type="stmt"/>
        <line num="89" count="2" type="stmt"/>
        <line num="91" count="2" type="stmt"/>
      </file>
    </package>
    <package name="src.application.usecases">
      <metrics statements="11" coveredstatements="11" conditionals="3" coveredconditionals="3" methods="3" coveredmethods="3"/>
      <file name="AskElectionQuestionUseCase.ts" path="C:\Users\Mallikarjun\AMD\Education_On_Election_Process\backend\src\application\usecases\AskElectionQuestionUseCase.ts">
        <metrics statements="11" coveredstatements="11" conditionals="3" coveredconditionals="3" methods="3" coveredmethods="3"/>
        <line num="4" count="3" type="stmt"/>
        <line num="9" count="6" type="stmt"/>
        <line num="10" count="6" type="stmt"/>
        <line num="19" count="5" type="cond" truecount="3" falsecount="0"/>
        <line num="20" count="1" type="stmt"/>
        <line num="23" count="4" type="stmt"/>
        <line num="26" count="4" type="stmt"/>
        <line num="27" count="4" type="stmt"/>
        <line num="30" count="1" type="stmt"/>
        <line num="38" count="4" type="stmt"/>
        <line num="40" count="4" type="stmt"/>
      </file>
    </package>
    <package name="src.infrastructure.database">
      <metrics statements="23" coveredstatements="23" conditionals="7" coveredconditionals="7" methods="4" coveredmethods="4"/>
      <file name="FirestoreService.ts" path="C:\Users\Mallikarjun\AMD\Education_On_Election_Process\backend\src\infrastructure\database\FirestoreService.ts">
        <metrics statements="23" coveredstatements="23" conditionals="7" coveredconditionals="7" methods="4" coveredmethods="4"/>
        <line num="1" count="1" type="stmt"/>
        <line num="2" count="1" type="stmt"/>
        <line num="10" count="1" type="stmt"/>
        <line num="12" count="6" type="stmt"/>
        <line num="13" count="6" type="stmt"/>
        <line num="14" count="6" type="stmt"/>
        <line num="17" count="6" type="stmt"/>
        <line num="29" count="5" type="cond" truecount="3" falsecount="0"/>
        <line num="30" count="1" type="stmt"/>
        <line num="33" count="4" type="stmt"/>
        <line num="34" count="4" type="stmt"/>
        <line num="37" count="3" type="cond" truecount="2" falsecount="0"/>
        <line num="39" count="1" type="stmt"/>
        <line num="45" count="2" type="stmt"/>
        <line num="49" count="3" type="stmt"/>
        <line num="50" count="3" type="stmt"/>
        <line num="52" count="3" type="stmt"/>
        <line num="54" count="1" type="stmt"/>
        <line num="55" count="1" type="stmt"/>
        <line num="63" count="2" type="stmt"/>
        <line num="64" count="2" type="stmt"/>
        <line num="69" count="1" type="stmt"/>
        <line num="71" count="1" type="stmt"/>
      </file>
    </package>
    <package name="src.infrastructure.logging">
      <metrics statements="7" coveredstatements="7" conditionals="3" coveredconditionals="3" methods="0" coveredmethods="0"/>
      <file name="logger.ts" path="C:\Users\Mallikarjun\AMD\Education_On_Election_Process\backend\src\infrastructure\logging\logger.ts">
        <metrics statements="7" coveredstatements="7" conditionals="3" coveredconditionals="3" methods="0" coveredmethods="0"/>
        <line num="1" count="3" type="stmt"/>
        <line num="2" count="3" type="stmt"/>
        <line num="4" count="3" type="stmt"/>
        <line num="8" count="3" type="cond" truecount="3" falsecount="0"/>
        <line num="9" count="1" type="stmt"/>
        <line num="12" count="3" type="stmt"/>
        <line num="17" count="3" type="stmt"/>
      </file>
    </package>
    <package name="src.interfaces.controllers">
      <metrics statements="16" coveredstatements="16" conditionals="1" coveredconditionals="1" methods="2" coveredmethods="2"/>
      <file name="ElectionController.ts" path="C:\Users\Mallikarjun\AMD\Education_On_Election_Process\backend\src\interfaces\controllers\ElectionController.ts">
        <metrics statements="16" coveredstatements="16" conditionals="1" coveredconditionals="1" methods="2" coveredmethods="2"/>
        <line num="2" count="2" type="stmt"/>
        <line num="4" count="2" type="stmt"/>
        <line num="10" count="2" type="stmt"/>
        <line num="14" count="2" type="stmt"/>
        <line num="16" count="2" type="stmt"/>
        <line num="25" count="5" type="stmt"/>
        <line num="26" count="5" type="cond" truecount="1" falsecount="0"/>
        <line num="27" count="3" type="stmt"/>
        <line num="28" count="3" type="stmt"/>
        <line num="31" count="2" type="stmt"/>
        <line num="32" count="2" type="stmt"/>
        <line num="33" count="2" type="stmt"/>
        <line num="35" count="2" type="stmt"/>
        <line num="36" count="1" type="stmt"/>
        <line num="38" count="1" type="stmt"/>
        <line num="39" count="1" type="stmt"/>
      </file>
    </package>
    <package name="src.interfaces.routes">
      <metrics statements="20" coveredstatements="20" conditionals="0" coveredconditionals="0" methods="1" coveredmethods="1"/>
      <file name="electionRoutes.ts" path="C:\Users\Mallikarjun\AMD\Education_On_Election_Process\backend\src\interfaces\routes\electionRoutes.ts">
        <metrics statements="20" coveredstatements="20" conditionals="0" coveredconditionals="0" methods="1" coveredmethods="1"/>
        <line num="1" count="2" type="stmt"/>
        <line num="2" count="2" type="stmt"/>
        <line num="3" count="2" type="stmt"/>
        <line num="4" count="2" type="stmt"/>
        <line num="5" count="2" type="stmt"/>
        <line num="6" count="2" type="stmt"/>
        <line num="8" count="2" type="stmt"/>
        <line num="10" count="2" type="stmt"/>
        <line num="13" count="2" type="stmt"/>
        <line num="14" count="2" type="stmt"/>
        <line num="15" count="2" type="stmt"/>
        <line num="16" count="2" type="stmt"/>
        <line num="20" count="2" type="stmt"/>
        <line num="22" count="1" type="stmt"/>
        <line num="23" count="1" type="stmt"/>
        <line num="24" count="1" type="stmt"/>
        <line num="28" count="2" type="stmt"/>
        <line num="38" count="2" type="stmt"/>
        <line num="47" count="2" type="stmt"/>
        <line num="49" count="2" type="stmt"/>
      </file>
    </package>
  </project>
</coverage>
