TN:
SF:src\app.ts
FN:39,(anonymous_1)
FN:66,(anonymous_2)
FN:84,(anonymous_3)
FNF:3
FNH:3
FNDA:8,(anonymous_1)
FNDA:8,(anonymous_2)
FNDA:2,(anonymous_3)
DA:1,2
DA:2,2
DA:3,2
DA:4,2
DA:5,2
DA:6,2
DA:8,2
DA:9,2
DA:11,2
DA:13,2
DA:17,2
DA:19,2
DA:22,2
DA:25,2
DA:33,2
DA:39,2
DA:40,8
DA:41,8
DA:42,1
DA:45,8
DA:51,2
DA:63,2
DA:66,2
DA:67,8
DA:68,8
DA:72,2
DA:78,2
DA:81,2
DA:84,2
DA:85,2
DA:89,2
DA:91,2
LF:32
LH:32
BRDA:14,0,0,1
BRDA:14,0,1,1
BRDA:41,1,0,1
BRDA:41,2,0,8
BRDA:41,2,1,1
BRF:5
BRH:5
end_of_record
TN:
SF:src\application\usecases\AskElectionQuestionUseCase.ts
FN:8,(anonymous_0)
FN:18,(anonymous_1)
FN:38,(anonymous_2)
FNF:3
FNH:3
FNDA:6,(anonymous_0)
FNDA:5,(anonymous_1)
FNDA:1,(anonymous_2)
DA:4,3
DA:9,6
DA:10,6
DA:19,5
DA:20,1
DA:23,4
DA:26,4
DA:27,4
DA:30,1
DA:38,4
DA:40,4
LF:11
LH:11
BRDA:19,0,0,1
BRDA:19,1,0,5
BRDA:19,1,1,4
BRF:3
BRH:3
end_of_record
TN:
SF:src\infrastructure\database\FirestoreService.ts
FN:16,(anonymous_1)
FN:27,(anonymous_2)
FN:45,(anonymous_3)
FN:62,(anonymous_4)
FNF:4
FNH:4
FNDA:6,(anonymous_1)
FNDA:5,(anonymous_2)
FNDA:2,(anonymous_3)
FNDA:2,(anonymous_4)
DA:1,1
DA:2,1
DA:10,1
DA:12,6
DA:13,6
DA:14,6
DA:17,6
DA:29,5
DA:30,1
DA:33,4
DA:34,4
DA:37,3
DA:39,1
DA:45,2
DA:49,3
DA:50,3
DA:52,3
DA:54,1
DA:55,1
DA:63,2
DA:64,2
DA:69,1
DA:71,1
LF:23
LH:23
BRDA:18,0,0,6
BRDA:18,0,1,6
BRDA:29,1,0,1
BRDA:29,2,0,5
BRDA:29,2,1,1
BRDA:37,3,0,1
BRDA:37,3,1,2
BRF:7
BRH:7
end_of_record
TN:
SF:src\infrastructure\logging\logger.ts
FNF:0
FNH:0
DA:1,3
DA:2,3
DA:4,3
DA:8,3
DA:9,1
DA:12,3
DA:17,3
LF:7
LH:7
BRDA:8,0,0,1
BRDA:8,1,0,3
BRDA:8,1,1,1
BRF:3
BRH:3
end_of_record
TN:
SF:src\interfaces\controllers\ElectionController.ts
FN:13,(anonymous_1)
FN:23,(anonymous_2)
FNF:2
FNH:2
FNDA:2,(anonymous_1)
FNDA:5,(anonymous_2)
DA:2,2
DA:4,2
DA:10,2
DA:14,2
DA:16,2
DA:25,5
DA:26,5
DA:27,3
DA:28,3
DA:31,2
DA:32,2
DA:33,2
DA:35,2
DA:36,1
DA:38,1
DA:39,1
LF:16
LH:16
BRDA:26,0,0,3
BRF:1
BRH:1
end_of_record
TN:
SF:src\interfaces\routes\electionRoutes.ts
FN:20,(anonymous_1)
FNF:1
FNH:1
FNDA:1,(anonymous_1)
DA:1,2
DA:2,2
DA:3,2
DA:4,2
DA:5,2
DA:6,2
DA:8,2
DA:10,2
DA:13,2
DA:14,2
DA:15,2
DA:16,2
DA:20,2
DA:22,1
DA:23,1
DA:24,1
DA:28,2
DA:38,2
DA:47,2
DA:49,2
LF:20
LH:20
BRF:0
BRH:0
end_of_record
